<?xml version="1.0" encoding="UTF-8"?>
<!-- Generated by org.testng.reporters.JUnitReportReporter -->
<testsuite hostname="DESKTOP-RQFBTSM" failures="0" tests="1" name="Orange_HRM.HRM_Study" time="26.521" errors="0" timestamp="20 Oct 2022 06:45:40 GMT">
  <testcase classname="Orange_HRM.HRM_Study" name="hrmcase" time="26.521"/>
</testsuite> <!-- Orange_HRM.HRM_Study -->
